[debug] > Exec({file:/D:/ScalaProject/Thyme/}thyme/publishLocal, None, None)
[debug] Evaluating tasks: publishLocal
[debug] Running task... Cancel: Signal, check cycles: false, forcegc: true
[info] Wrote D:\ScalaProject\Thyme\target\scala-2.13\thyme_2.13-0.0.2.pom
[info] :: delivering :: default#thyme_2.13;0.0.2 :: 0.0.2 :: release :: Sat Dec 04 17:18:30 CST 2021
[info] 	delivering ivy file to D:\ScalaProject\Thyme\target\scala-2.13\ivy-0.0.2.xml
[warn] Attempting to overwrite C:\Users\user\.ivy2\local\default\thyme_2.13\0.0.2\poms\thyme_2.13.pom (non-SNAPSHOT)
[warn] 	You need to remove it from the cache manually to take effect.
[warn] Attempting to overwrite C:\Users\user\.ivy2\local\default\thyme_2.13\0.0.2\poms\thyme_2.13.pom.sha1 (non-SNAPSHOT)
[warn] 	You need to remove it from the cache manually to take effect.
[warn] Attempting to overwrite C:\Users\user\.ivy2\local\default\thyme_2.13\0.0.2\poms\thyme_2.13.pom.md5 (non-SNAPSHOT)
[warn] 	You need to remove it from the cache manually to take effect.
[info] 	published thyme_2.13 to C:\Users\user\.ivy2\local\default\thyme_2.13\0.0.2\poms\thyme_2.13.pom
[warn] Attempting to overwrite C:\Users\user\.ivy2\local\default\thyme_2.13\0.0.2\jars\thyme_2.13.jar (non-SNAPSHOT)
[warn] 	You need to remove it from the cache manually to take effect.
[warn] Attempting to overwrite C:\Users\user\.ivy2\local\default\thyme_2.13\0.0.2\jars\thyme_2.13.jar.sha1 (non-SNAPSHOT)
[warn] 	You need to remove it from the cache manually to take effect.
[warn] Attempting to overwrite C:\Users\user\.ivy2\local\default\thyme_2.13\0.0.2\jars\thyme_2.13.jar.md5 (non-SNAPSHOT)
[warn] 	You need to remove it from the cache manually to take effect.
[info] 	published thyme_2.13 to C:\Users\user\.ivy2\local\default\thyme_2.13\0.0.2\jars\thyme_2.13.jar
[warn] Attempting to overwrite C:\Users\user\.ivy2\local\default\thyme_2.13\0.0.2\srcs\thyme_2.13-sources.jar (non-SNAPSHOT)
[warn] 	You need to remove it from the cache manually to take effect.
[warn] Attempting to overwrite C:\Users\user\.ivy2\local\default\thyme_2.13\0.0.2\srcs\thyme_2.13-sources.jar.sha1 (non-SNAPSHOT)
[warn] 	You need to remove it from the cache manually to take effect.
[warn] Attempting to overwrite C:\Users\user\.ivy2\local\default\thyme_2.13\0.0.2\srcs\thyme_2.13-sources.jar.md5 (non-SNAPSHOT)
[warn] 	You need to remove it from the cache manually to take effect.
[info] 	published thyme_2.13 to C:\Users\user\.ivy2\local\default\thyme_2.13\0.0.2\srcs\thyme_2.13-sources.jar
[warn] Attempting to overwrite C:\Users\user\.ivy2\local\default\thyme_2.13\0.0.2\docs\thyme_2.13-javadoc.jar (non-SNAPSHOT)
[warn] 	You need to remove it from the cache manually to take effect.
[warn] Attempting to overwrite C:\Users\user\.ivy2\local\default\thyme_2.13\0.0.2\docs\thyme_2.13-javadoc.jar.sha1 (non-SNAPSHOT)
[warn] 	You need to remove it from the cache manually to take effect.
[warn] Attempting to overwrite C:\Users\user\.ivy2\local\default\thyme_2.13\0.0.2\docs\thyme_2.13-javadoc.jar.md5 (non-SNAPSHOT)
[warn] 	You need to remove it from the cache manually to take effect.
[info] 	published thyme_2.13 to C:\Users\user\.ivy2\local\default\thyme_2.13\0.0.2\docs\thyme_2.13-javadoc.jar
[warn] Attempting to overwrite C:\Users\user\.ivy2\local\default\thyme_2.13\0.0.2\ivys\ivy.xml (non-SNAPSHOT)
[warn] 	You need to remove it from the cache manually to take effect.
[warn] Attempting to overwrite C:\Users\user\.ivy2\local\default\thyme_2.13\0.0.2\ivys\ivy.xml.sha1 (non-SNAPSHOT)
[warn] 	You need to remove it from the cache manually to take effect.
[warn] Attempting to overwrite C:\Users\user\.ivy2\local\default\thyme_2.13\0.0.2\ivys\ivy.xml.md5 (non-SNAPSHOT)
[warn] 	You need to remove it from the cache manually to take effect.
[info] 	published ivy to C:\Users\user\.ivy2\local\default\thyme_2.13\0.0.2\ivys\ivy.xml
[success] Total time: 0 s, completed 2021年12月4日 下午5:18:30
[debug] > Exec(idea-shell, None, None)
[debug] > Exec(, None, None)
[debug] > Exec(idea-shell, None, None)
